<?xml version="1.0" encoding="UTF-8"?>
<!-- Generated by org.testng.reporters.JUnitReportReporter -->
<testsuite hostname="PC-f7ad11" failures="0" tests="12" name="Tasks.Customer" time="102.566" errors="0" timestamp="2024-03-27T13:00:23 IST" skipped="0">
  <testcase classname="Tasks.Customer" name="create_customer" time="8.794"/>
  <system-out/>
  <testcase classname="Tasks.Customer" name="create_customer" time="8.413"/>
  <system-out/>
  <testcase classname="Tasks.Customer" name="create_customer" time="8.438"/>
  <system-out/>
  <testcase classname="Tasks.Customer" name="create_customer" time="9.504"/>
  <system-out/>
  <testcase classname="Tasks.Customer" name="create_customer" time="8.278"/>
  <system-out/>
  <testcase classname="Tasks.Customer" name="create_customer" time="8.861"/>
  <system-out/>
  <testcase classname="Tasks.Customer" name="create_customer" time="8.274"/>
  <system-out/>
  <testcase classname="Tasks.Customer" name="create_customer" time="8.451"/>
  <system-out/>
  <testcase classname="Tasks.Customer" name="create_customer" time="8.171"/>
  <system-out/>
  <testcase classname="Tasks.Customer" name="create_customer" time="8.443"/>
  <system-out/>
  <testcase classname="Tasks.Customer" name="create_customer" time="8.748"/>
  <system-out/>
  <testcase classname="Tasks.Customer" name="create_customer" time="8.191"/>
  <system-out/>
</testsuite> <!-- Tasks.Customer -->
